

***********************************************************************
Fatal OSN connect error 12154, connecting to:
 LCS_Live

  VERSION INFORMATION:
	TNS for 32-bit Windows: Version 2.3.4.0.0 - Production
  Time: 05-FEB-04 15:12:31
  Tracing not turned on.


***********************************************************************
Fatal OSN connect error 12154, connecting to:
 LCS_Live

  VERSION INFORMATION:
	TNS for 32-bit Windows: Version 2.3.4.0.0 - Production
  Time: 05-FEB-04 15:34:42
  Tracing not turned on.


***********************************************************************
Fatal OSN connect error 12154, connecting to:
 LCS_Live

  VERSION INFORMATION:
	TNS for 32-bit Windows: Version 2.3.4.0.0 - Production
  Time: 05-FEB-04 15:34:55
  Tracing not turned on.


***********************************************************************
Fatal OSN connect error 12154, connecting to:
 LCS_Live

  VERSION INFORMATION:
	TNS for 32-bit Windows: Version 2.3.4.0.0 - Production
  Time: 05-FEB-04 15:35:47
  Tracing not turned on.
