07:52:23: Refreshing Comms Port connection
07:52:23: COM1 initialized successfully
08:52:23: Refreshing Comms Port connection
08:52:23: COM1 initialized successfully
09:52:23: Refreshing Comms Port connection
09:52:23: COM1 initialized successfully
10:36:07: Client file successfully initialized
10:36:07: DDE client interaction enabled; server is "247"
10:36:07: COM1 initialized successfully
10:36:07: Listening for TCP/IP-direct terminals on port 4247
11:36:07: Refreshing Comms Port connection
11:36:07: COM1 initialized successfully
12:36:07: Refreshing Comms Port connection
12:36:07: COM1 initialized successfully
13:36:08: Refreshing Comms Port connection
13:36:08: COM1 initialized successfully
14:36:08: Refreshing Comms Port connection
14:36:08: COM1 initialized successfully
15:36:08: Refreshing Comms Port connection
15:36:08: COM1 initialized successfully
16:36:08: Refreshing Comms Port connection
16:36:08: COM1 initialized successfully
17:36:08: Refreshing Comms Port connection
17:36:08: COM1 initialized successfully
18:36:08: Refreshing Comms Port connection
18:36:08: COM1 initialized successfully
19:36:08: Refreshing Comms Port connection
19:36:08: COM1 initialized successfully
20:36:08: Refreshing Comms Port connection
20:36:08: COM1 initialized successfully
21:36:08: Refreshing Comms Port connection
21:36:08: COM1 initialized successfully
22:36:08: Refreshing Comms Port connection
22:36:08: COM1 initialized successfully
23:36:08: Refreshing Comms Port connection
23:36:08: COM1 initialized successfully
