

***********************************************************************
Fatal OSN connect error 12547, connecting to:
 (DESCRIPTION=(ADDRESS_LIST=(ADDRESS=(PROTOCOL=BEQ)(PROGRAM=oracle80)(ARGV0=oracle80ORCL)(ARGS='(DESCRIPTION=(LOCAL=YES)(ADDRESS=(PROTOCOL=beq)))')))(CONNECT_DATA=(SID=ORCL)(CID=(PROGRAM=Holmen_paper.exe)(HOST=DSPC-171)(USER=Administrator))))

  VERSION INFORMATION:
	TNS for 32-bit Windows: Version 2.3.4.0.0 - Production
	Oracle Bequeath NT Protocol Adapter for 32-bit Windows: Version 2.3.4.0.0 - Production
  Time: 24-JUN-04 13:20:23
  Tracing not turned on.
  Tns error struct:
    nr err code: 12206
    TNS-12206: TNS:received a TNS error during navigation
    ns main err code: 12547
    TNS-12547: TNS:lost contact
    ns secondary err code: 12560
    nt main err code: 517
    TNS-00517: Lost contact
    nt secondary err code: 0
    nt OS err code: 0


***********************************************************************
Fatal OSN connect error 12547, connecting to:
 (DESCRIPTION=(ADDRESS_LIST=(ADDRESS=(PROTOCOL=BEQ)(PROGRAM=oracle80)(ARGV0=oracle80ORCL)(ARGS='(DESCRIPTION=(LOCAL=YES)(ADDRESS=(PROTOCOL=beq)))')))(CONNECT_DATA=(SID=ORCL)(CID=(PROGRAM=Holmen_paper.exe)(HOST=DSPC-171)(USER=Administrator))))

  VERSION INFORMATION:
	TNS for 32-bit Windows: Version 2.3.4.0.0 - Production
	Oracle Bequeath NT Protocol Adapter for 32-bit Windows: Version 2.3.4.0.0 - Production
	Windows NT TCP/IP NT Protocol Adapter for 32-bit Windows: Version 2.3.4.0.0 - Production
  Time: 24-JUN-04 22:09:25
  Tracing not turned on.
  Tns error struct:
    nr err code: 12206
    TNS-12206: TNS:received a TNS error during navigation
    ns main err code: 12547
    TNS-12547: TNS:lost contact
    ns secondary err code: 12560
    nt main err code: 517
    TNS-00517: Lost contact
    nt secondary err code: 0
    nt OS err code: 0


***********************************************************************
Fatal OSN connect error 12547, connecting to:
 (DESCRIPTION=(ADDRESS_LIST=(ADDRESS=(PROTOCOL=BEQ)(PROGRAM=oracle80)(ARGV0=oracle80ORCL)(ARGS='(DESCRIPTION=(LOCAL=YES)(ADDRESS=(PROTOCOL=beq)))')))(CONNECT_DATA=(SID=ORCL)(CID=(PROGRAM=Holmen_paper.exe)(HOST=DSPC-171)(USER=Administrator))))

  VERSION INFORMATION:
	TNS for 32-bit Windows: Version 2.3.4.0.0 - Production
	Oracle Bequeath NT Protocol Adapter for 32-bit Windows: Version 2.3.4.0.0 - Production
  Time: 01-JUL-04 18:40:57
  Tracing not turned on.
  Tns error struct:
    nr err code: 12206
    TNS-12206: TNS:received a TNS error during navigation
    ns main err code: 12547
    TNS-12547: TNS:lost contact
    ns secondary err code: 12560
    nt main err code: 517
    TNS-00517: Lost contact
    nt secondary err code: 0
    nt OS err code: 0


***********************************************************************
Fatal OSN connect error 12547, connecting to:
 (DESCRIPTION=(ADDRESS_LIST=(ADDRESS=(PROTOCOL=BEQ)(PROGRAM=oracle80)(ARGV0=oracle80ORCL)(ARGS='(DESCRIPTION=(LOCAL=YES)(ADDRESS=(PROTOCOL=beq)))')))(CONNECT_DATA=(SID=ORCL)(CID=(PROGRAM=Holmen_paper.exe)(HOST=DSPC-171)(USER=Administrator))))

  VERSION INFORMATION:
	TNS for 32-bit Windows: Version 2.3.4.0.0 - Production
	Oracle Bequeath NT Protocol Adapter for 32-bit Windows: Version 2.3.4.0.0 - Production
  Time: 06-JUL-04 18:40:34
  Tracing not turned on.
  Tns error struct:
    nr err code: 12206
    TNS-12206: TNS:received a TNS error during navigation
    ns main err code: 12547
    TNS-12547: TNS:lost contact
    ns secondary err code: 12560
    nt main err code: 517
    TNS-00517: Lost contact
    nt secondary err code: 0
    nt OS err code: 0


***********************************************************************
Fatal OSN connect error 12547, connecting to:
 (DESCRIPTION=(ADDRESS_LIST=(ADDRESS=(PROTOCOL=BEQ)(PROGRAM=oracle80)(ARGV0=oracle80ORCL)(ARGS='(DESCRIPTION=(LOCAL=YES)(ADDRESS=(PROTOCOL=beq)))')))(CONNECT_DATA=(SID=ORCL)(CID=(PROGRAM=Holmen_paper.exe)(HOST=DSPC-171)(USER=Administrator))))

  VERSION INFORMATION:
	TNS for 32-bit Windows: Version 2.3.4.0.0 - Production
	Oracle Bequeath NT Protocol Adapter for 32-bit Windows: Version 2.3.4.0.0 - Production
  Time: 08-JUL-04 08:30:36
  Tracing not turned on.
  Tns error struct:
    nr err code: 12206
    TNS-12206: TNS:received a TNS error during navigation
    ns main err code: 12547
    TNS-12547: TNS:lost contact
    ns secondary err code: 12560
    nt main err code: 517
    TNS-00517: Lost contact
    nt secondary err code: 0
    nt OS err code: 0


***********************************************************************
Fatal OSN connect error 12547, connecting to:
 (DESCRIPTION=(ADDRESS_LIST=(ADDRESS=(PROTOCOL=BEQ)(PROGRAM=oracle80)(ARGV0=oracle80ORCL)(ARGS='(DESCRIPTION=(LOCAL=YES)(ADDRESS=(PROTOCOL=beq)))')))(CONNECT_DATA=(SID=ORCL)(CID=(PROGRAM=Holmen_paper.exe)(HOST=DSPC-171)(USER=Administrator))))

  VERSION INFORMATION:
	TNS for 32-bit Windows: Version 2.3.4.0.0 - Production
	Oracle Bequeath NT Protocol Adapter for 32-bit Windows: Version 2.3.4.0.0 - Production
	Windows NT TCP/IP NT Protocol Adapter for 32-bit Windows: Version 2.3.4.0.0 - Production
  Time: 08-JUL-04 08:30:37
  Tracing not turned on.
  Tns error struct:
    nr err code: 12206
    TNS-12206: TNS:received a TNS error during navigation
    ns main err code: 12547
    TNS-12547: TNS:lost contact
    ns secondary err code: 12560
    nt main err code: 517
    TNS-00517: Lost contact
    nt secondary err code: 0
    nt OS err code: 0


***********************************************************************
Fatal OSN connect error 12547, connecting to:
 (DESCRIPTION=(ADDRESS_LIST=(ADDRESS=(PROTOCOL=BEQ)(PROGRAM=oracle80)(ARGV0=oracle80ORCL)(ARGS='(DESCRIPTION=(LOCAL=YES)(ADDRESS=(PROTOCOL=beq)))')))(CONNECT_DATA=(SID=ORCL)(CID=(PROGRAM=Holmen_paper.exe)(HOST=DSPC-171)(USER=Administrator))))

  VERSION INFORMATION:
	TNS for 32-bit Windows: Version 2.3.4.0.0 - Production
	Oracle Bequeath NT Protocol Adapter for 32-bit Windows: Version 2.3.4.0.0 - Production
  Time: 08-JUL-04 10:49:57
  Tracing not turned on.
  Tns error struct:
    nr err code: 12206
    TNS-12206: TNS:received a TNS error during navigation
    ns main err code: 12547
    TNS-12547: TNS:lost contact
    ns secondary err code: 12560
    nt main err code: 517
    TNS-00517: Lost contact
    nt secondary err code: 0
    nt OS err code: 0


***********************************************************************
Fatal OSN connect error 12547, connecting to:
 (DESCRIPTION=(ADDRESS_LIST=(ADDRESS=(PROTOCOL=BEQ)(PROGRAM=oracle80)(ARGV0=oracle80ORCL)(ARGS='(DESCRIPTION=(LOCAL=YES)(ADDRESS=(PROTOCOL=beq)))')))(CONNECT_DATA=(SID=ORCL)(CID=(PROGRAM=Holmen_paper.exe)(HOST=DSPC-171)(USER=Administrator))))

  VERSION INFORMATION:
	TNS for 32-bit Windows: Version 2.3.4.0.0 - Production
	Oracle Bequeath NT Protocol Adapter for 32-bit Windows: Version 2.3.4.0.0 - Production
	Windows NT TCP/IP NT Protocol Adapter for 32-bit Windows: Version 2.3.4.0.0 - Production
  Time: 08-JUL-04 10:55:59
  Tracing not turned on.
  Tns error struct:
    nr err code: 12206
    TNS-12206: TNS:received a TNS error during navigation
    ns main err code: 12547
    TNS-12547: TNS:lost contact
    ns secondary err code: 12560
    nt main err code: 517
    TNS-00517: Lost contact
    nt secondary err code: 0
    nt OS err code: 0


***********************************************************************
Fatal OSN connect error 12547, connecting to:
 (DESCRIPTION=(ADDRESS_LIST=(ADDRESS=(PROTOCOL=BEQ)(PROGRAM=oracle80)(ARGV0=oracle80ORCL)(ARGS='(DESCRIPTION=(LOCAL=YES)(ADDRESS=(PROTOCOL=beq)))')))(CONNECT_DATA=(SID=ORCL)(CID=(PROGRAM=Holmen_paper.exe)(HOST=DSPC-171)(USER=Administrator))))

  VERSION INFORMATION:
	TNS for 32-bit Windows: Version 2.3.4.0.0 - Production
	Oracle Bequeath NT Protocol Adapter for 32-bit Windows: Version 2.3.4.0.0 - Production
  Time: 08-JUL-04 11:00:40
  Tracing not turned on.
  Tns error struct:
    nr err code: 12206
    TNS-12206: TNS:received a TNS error during navigation
    ns main err code: 12547
    TNS-12547: TNS:lost contact
    ns secondary err code: 12560
    nt main err code: 517
    TNS-00517: Lost contact
    nt secondary err code: 0
    nt OS err code: 0


***********************************************************************
Fatal OSN connect error 12203, connecting to:
 (DESCRIPTION=(ADDRESS_LIST=(ADDRESS=(COMMUNITY=tcp.world)(PROTOCOL=TCP)(Host=172.22.16.123)(Port=1521))(ADDRESS=(COMMUNITY=tcp.world)(PROTOCOL=TCP)(Host=172.22.16.123)(Port=1526)))(CONNECT_DATA=(SID=RF)(CID=(PROGRAM=Holmen_paper.exe)(HOST=DSPC-171)(USER=Administrator))))

  VERSION INFORMATION:
	TNS for 32-bit Windows: Version 2.3.4.0.0 - Production
	Windows NT TCP/IP NT Protocol Adapter for 32-bit Windows: Version 2.3.4.0.0 - Production
  Time: 08-JUL-04 11:02:10
  Tracing not turned on.
  Tns error struct:
    nr err code: 12203
    TNS-12203: TNS:unable to connect to destination
    ns main err code: 12535
    TNS-12535: TNS:operation timed out
    ns secondary err code: 12560
    nt main err code: 505
    TNS-00505: Operation timed out
    nt secondary err code: 60
    nt OS err code: 0


***********************************************************************
Fatal OSN connect error 12547, connecting to:
 (DESCRIPTION=(ADDRESS_LIST=(ADDRESS=(PROTOCOL=BEQ)(PROGRAM=oracle80)(ARGV0=oracle80ORCL)(ARGS='(DESCRIPTION=(LOCAL=YES)(ADDRESS=(PROTOCOL=beq)))')))(CONNECT_DATA=(SID=ORCL)(CID=(PROGRAM=Holmen_paper.exe)(HOST=DSPC-171)(USER=Administrator))))

  VERSION INFORMATION:
	TNS for 32-bit Windows: Version 2.3.4.0.0 - Production
	Oracle Bequeath NT Protocol Adapter for 32-bit Windows: Version 2.3.4.0.0 - Production
  Time: 08-JUL-04 11:02:10
  Tracing not turned on.
  Tns error struct:
    nr err code: 12206
    TNS-12206: TNS:received a TNS error during navigation
    ns main err code: 12547
    TNS-12547: TNS:lost contact
    ns secondary err code: 12560
    nt main err code: 517
    TNS-00517: Lost contact
    nt secondary err code: 0
    nt OS err code: 0


***********************************************************************
Fatal OSN connect error 12547, connecting to:
 (DESCRIPTION=(ADDRESS_LIST=(ADDRESS=(PROTOCOL=BEQ)(PROGRAM=oracle80)(ARGV0=oracle80ORCL)(ARGS='(DESCRIPTION=(LOCAL=YES)(ADDRESS=(PROTOCOL=beq)))')))(CONNECT_DATA=(SID=ORCL)(CID=(PROGRAM=Holmen_paper.exe)(HOST=DSPC-171)(USER=Administrator))))

  VERSION INFORMATION:
	TNS for 32-bit Windows: Version 2.3.4.0.0 - Production
	Oracle Bequeath NT Protocol Adapter for 32-bit Windows: Version 2.3.4.0.0 - Production
  Time: 08-JUL-04 11:02:27
  Tracing not turned on.
  Tns error struct:
    nr err code: 12206
    TNS-12206: TNS:received a TNS error during navigation
    ns main err code: 12547
    TNS-12547: TNS:lost contact
    ns secondary err code: 12560
    nt main err code: 517
    TNS-00517: Lost contact
    nt secondary err code: 0
    nt OS err code: 0


***********************************************************************
Fatal OSN connect error 12547, connecting to:
 (DESCRIPTION=(ADDRESS_LIST=(ADDRESS=(PROTOCOL=BEQ)(PROGRAM=oracle80)(ARGV0=oracle80ORCL)(ARGS='(DESCRIPTION=(LOCAL=YES)(ADDRESS=(PROTOCOL=beq)))')))(CONNECT_DATA=(SID=ORCL)(CID=(PROGRAM=Holmen_paper.exe)(HOST=DSPC-171)(USER=Administrator))))

  VERSION INFORMATION:
	TNS for 32-bit Windows: Version 2.3.4.0.0 - Production
	Oracle Bequeath NT Protocol Adapter for 32-bit Windows: Version 2.3.4.0.0 - Production
  Time: 08-JUL-04 13:00:33
  Tracing not turned on.
  Tns error struct:
    nr err code: 12206
    TNS-12206: TNS:received a TNS error during navigation
    ns main err code: 12547
    TNS-12547: TNS:lost contact
    ns secondary err code: 12560
    nt main err code: 517
    TNS-00517: Lost contact
    nt secondary err code: 0
    nt OS err code: 0


***********************************************************************
Fatal OSN connect error 12203, connecting to:
 (DESCRIPTION=(ADDRESS_LIST=(ADDRESS=(COMMUNITY=tcp.world)(PROTOCOL=TCP)(Host=172.22.16.123)(Port=1521))(ADDRESS=(COMMUNITY=tcp.world)(PROTOCOL=TCP)(Host=172.22.16.123)(Port=1526)))(CONNECT_DATA=(SID=RF)(CID=(PROGRAM=Holmen_paper.exe)(HOST=DSPC-171)(USER=Administrator))))

  VERSION INFORMATION:
	TNS for 32-bit Windows: Version 2.3.4.0.0 - Production
	Windows NT TCP/IP NT Protocol Adapter for 32-bit Windows: Version 2.3.4.0.0 - Production
  Time: 08-JUL-04 13:02:03
  Tracing not turned on.
  Tns error struct:
    nr err code: 12203
    TNS-12203: TNS:unable to connect to destination
    ns main err code: 12535
    TNS-12535: TNS:operation timed out
    ns secondary err code: 12560
    nt main err code: 505
    TNS-00505: Operation timed out
    nt secondary err code: 60
    nt OS err code: 0


***********************************************************************
Fatal OSN connect error 12547, connecting to:
 (DESCRIPTION=(ADDRESS_LIST=(ADDRESS=(PROTOCOL=BEQ)(PROGRAM=oracle80)(ARGV0=oracle80ORCL)(ARGS='(DESCRIPTION=(LOCAL=YES)(ADDRESS=(PROTOCOL=beq)))')))(CONNECT_DATA=(SID=ORCL)(CID=(PROGRAM=Holmen_paper.exe)(HOST=DSPC-171)(USER=Administrator))))

  VERSION INFORMATION:
	TNS for 32-bit Windows: Version 2.3.4.0.0 - Production
	Oracle Bequeath NT Protocol Adapter for 32-bit Windows: Version 2.3.4.0.0 - Production
  Time: 08-JUL-04 13:02:03
  Tracing not turned on.
  Tns error struct:
    nr err code: 12206
    TNS-12206: TNS:received a TNS error during navigation
    ns main err code: 12547
    TNS-12547: TNS:lost contact
    ns secondary err code: 12560
    nt main err code: 517
    TNS-00517: Lost contact
    nt secondary err code: 0
    nt OS err code: 0


***********************************************************************
Fatal OSN connect error 12547, connecting to:
 (DESCRIPTION=(ADDRESS_LIST=(ADDRESS=(PROTOCOL=BEQ)(PROGRAM=oracle80)(ARGV0=oracle80ORCL)(ARGS='(DESCRIPTION=(LOCAL=YES)(ADDRESS=(PROTOCOL=beq)))')))(CONNECT_DATA=(SID=ORCL)(CID=(PROGRAM=Holmen_paper.exe)(HOST=DSPC-171)(USER=Administrator))))

  VERSION INFORMATION:
	TNS for 32-bit Windows: Version 2.3.4.0.0 - Production
	Oracle Bequeath NT Protocol Adapter for 32-bit Windows: Version 2.3.4.0.0 - Production
  Time: 08-JUL-04 13:03:19
  Tracing not turned on.
  Tns error struct:
    nr err code: 12206
    TNS-12206: TNS:received a TNS error during navigation
    ns main err code: 12547
    TNS-12547: TNS:lost contact
    ns secondary err code: 12560
    nt main err code: 517
    TNS-00517: Lost contact
    nt secondary err code: 0
    nt OS err code: 0


***********************************************************************
Fatal OSN connect error 12547, connecting to:
 (DESCRIPTION=(ADDRESS_LIST=(ADDRESS=(PROTOCOL=BEQ)(PROGRAM=oracle80)(ARGV0=oracle80ORCL)(ARGS='(DESCRIPTION=(LOCAL=YES)(ADDRESS=(PROTOCOL=beq)))')))(CONNECT_DATA=(SID=ORCL)(CID=(PROGRAM=Holmen Paper 1.1.exe)(HOST=DSPC-171)(USER=Administrator))))

  VERSION INFORMATION:
	TNS for 32-bit Windows: Version 2.3.4.0.0 - Production
	Oracle Bequeath NT Protocol Adapter for 32-bit Windows: Version 2.3.4.0.0 - Production
  Time: 08-SEP-04 12:13:55
  Tracing not turned on.
  Tns error struct:
    nr err code: 12206
    TNS-12206: TNS:received a TNS error during navigation
    ns main err code: 12547
    TNS-12547: TNS:lost contact
    ns secondary err code: 12560
    nt main err code: 517
    TNS-00517: Lost contact
    nt secondary err code: 0
    nt OS err code: 0


***********************************************************************
Fatal OSN connect error 12547, connecting to:
 (DESCRIPTION=(ADDRESS_LIST=(ADDRESS=(PROTOCOL=BEQ)(PROGRAM=oracle80)(ARGV0=oracle80ORCL)(ARGS='(DESCRIPTION=(LOCAL=YES)(ADDRESS=(PROTOCOL=beq)))')))(CONNECT_DATA=(SID=ORCL)(CID=(PROGRAM=Holmen Paper 1.1.exe)(HOST=DSPC-171)(USER=Administrator))))

  VERSION INFORMATION:
	TNS for 32-bit Windows: Version 2.3.4.0.0 - Production
	Oracle Bequeath NT Protocol Adapter for 32-bit Windows: Version 2.3.4.0.0 - Production
  Time: 07-DEC-04 06:34:22
  Tracing not turned on.
  Tns error struct:
    nr err code: 12206
    TNS-12206: TNS:received a TNS error during navigation
    ns main err code: 12547
    TNS-12547: TNS:lost contact
    ns secondary err code: 12560
    nt main err code: 517
    TNS-00517: Lost contact
    nt secondary err code: 0
    nt OS err code: 0


***********************************************************************
Fatal OSN connect error 12547, connecting to:
 (DESCRIPTION=(ADDRESS_LIST=(ADDRESS=(PROTOCOL=BEQ)(PROGRAM=oracle80)(ARGV0=oracle80ORCL)(ARGS='(DESCRIPTION=(LOCAL=YES)(ADDRESS=(PROTOCOL=beq)))')))(CONNECT_DATA=(SID=ORCL)(CID=(PROGRAM=Holmen_paper 1.2.exe)(HOST=DSPC-171)(USER=Administrator))))

  VERSION INFORMATION:
	TNS for 32-bit Windows: Version 2.3.4.0.0 - Production
	Oracle Bequeath NT Protocol Adapter for 32-bit Windows: Version 2.3.4.0.0 - Production
  Time: 14-MAY-05 17:03:01
  Tracing not turned on.
  Tns error struct:
    nr err code: 12206
    TNS-12206: TNS:received a TNS error during navigation
    ns main err code: 12547
    TNS-12547: TNS:lost contact
    ns secondary err code: 12560
    nt main err code: 517
    TNS-00517: Lost contact
    nt secondary err code: 0
    nt OS err code: 0


***********************************************************************
Fatal OSN connect error 12547, connecting to:
 (DESCRIPTION=(ADDRESS_LIST=(ADDRESS=(PROTOCOL=BEQ)(PROGRAM=oracle80)(ARGV0=oracle80ORCL)(ARGS='(DESCRIPTION=(LOCAL=YES)(ADDRESS=(PROTOCOL=beq)))')))(CONNECT_DATA=(SID=ORCL)(CID=(PROGRAM=Holmen_paper 1.2.exe)(HOST=DSPC-171)(USER=Administrator))))

  VERSION INFORMATION:
	TNS for 32-bit Windows: Version 2.3.4.0.0 - Production
	Oracle Bequeath NT Protocol Adapter for 32-bit Windows: Version 2.3.4.0.0 - Production
  Time: 17-AUG-05 16:06:48
  Tracing not turned on.
  Tns error struct:
    nr err code: 12206
    TNS-12206: TNS:received a TNS error during navigation
    ns main err code: 12547
    TNS-12547: TNS:lost contact
    ns secondary err code: 12560
    nt main err code: 517
    TNS-00517: Lost contact
    nt secondary err code: 0
    nt OS err code: 0


***********************************************************************
Fatal OSN connect error 12547, connecting to:
 (DESCRIPTION=(ADDRESS_LIST=(ADDRESS=(PROTOCOL=BEQ)(PROGRAM=oracle80)(ARGV0=oracle80ORCL)(ARGS='(DESCRIPTION=(LOCAL=YES)(ADDRESS=(PROTOCOL=beq)))')))(CONNECT_DATA=(SID=ORCL)(CID=(PROGRAM=Holmen_paper 1.2.exe)(HOST=DSPC-171)(USER=Administrator))))

  VERSION INFORMATION:
	TNS for 32-bit Windows: Version 2.3.4.0.0 - Production
	Oracle Bequeath NT Protocol Adapter for 32-bit Windows: Version 2.3.4.0.0 - Production
	Windows NT TCP/IP NT Protocol Adapter for 32-bit Windows: Version 2.3.4.0.0 - Production
  Time: 06-SEP-05 17:24:08
  Tracing not turned on.
  Tns error struct:
    nr err code: 12206
    TNS-12206: TNS:received a TNS error during navigation
    ns main err code: 12547
    TNS-12547: TNS:lost contact
    ns secondary err code: 12560
    nt main err code: 517
    TNS-00517: Lost contact
    nt secondary err code: 0
    nt OS err code: 0


***********************************************************************
Fatal OSN connect error 12547, connecting to:
 (DESCRIPTION=(ADDRESS_LIST=(ADDRESS=(PROTOCOL=BEQ)(PROGRAM=oracle80)(ARGV0=oracle80ORCL)(ARGS='(DESCRIPTION=(LOCAL=YES)(ADDRESS=(PROTOCOL=beq)))')))(CONNECT_DATA=(SID=ORCL)(CID=(PROGRAM=Holmen_paper 1.2.exe)(HOST=DSPC-171)(USER=Administrator))))

  VERSION INFORMATION:
	TNS for 32-bit Windows: Version 2.3.4.0.0 - Production
	Oracle Bequeath NT Protocol Adapter for 32-bit Windows: Version 2.3.4.0.0 - Production
  Time: 20-SEP-05 15:09:54
  Tracing not turned on.
  Tns error struct:
    nr err code: 12206
    TNS-12206: TNS:received a TNS error during navigation
    ns main err code: 12547
    TNS-12547: TNS:lost contact
    ns secondary err code: 12560
    nt main err code: 517
    TNS-00517: Lost contact
    nt secondary err code: 0
    nt OS err code: 0


***********************************************************************
Fatal OSN connect error 12547, connecting to:
 (DESCRIPTION=(ADDRESS_LIST=(ADDRESS=(PROTOCOL=BEQ)(PROGRAM=oracle80)(ARGV0=oracle80ORCL)(ARGS='(DESCRIPTION=(LOCAL=YES)(ADDRESS=(PROTOCOL=beq)))')))(CONNECT_DATA=(SID=ORCL)(CID=(PROGRAM=Holmen_paper 1.2.exe)(HOST=DSPC-171)(USER=Administrator))))

  VERSION INFORMATION:
	TNS for 32-bit Windows: Version 2.3.4.0.0 - Production
	Oracle Bequeath NT Protocol Adapter for 32-bit Windows: Version 2.3.4.0.0 - Production
  Time: 09-OCT-05 14:55:35
  Tracing not turned on.
  Tns error struct:
    nr err code: 12206
    TNS-12206: TNS:received a TNS error during navigation
    ns main err code: 12547
    TNS-12547: TNS:lost contact
    ns secondary err code: 12560
    nt main err code: 517
    TNS-00517: Lost contact
    nt secondary err code: 0
    nt OS err code: 0


***********************************************************************
Fatal OSN connect error 12547, connecting to:
 (DESCRIPTION=(ADDRESS_LIST=(ADDRESS=(PROTOCOL=BEQ)(PROGRAM=oracle80)(ARGV0=oracle80ORCL)(ARGS='(DESCRIPTION=(LOCAL=YES)(ADDRESS=(PROTOCOL=beq)))')))(CONNECT_DATA=(SID=ORCL)(CID=(PROGRAM=Holmen_paper 1.2.exe)(HOST=DSPC-171)(USER=Administrator))))

  VERSION INFORMATION:
	TNS for 32-bit Windows: Version 2.3.4.0.0 - Production
	Oracle Bequeath NT Protocol Adapter for 32-bit Windows: Version 2.3.4.0.0 - Production
	Windows NT TCP/IP NT Protocol Adapter for 32-bit Windows: Version 2.3.4.0.0 - Production
  Time: 09-OCT-05 14:55:37
  Tracing not turned on.
  Tns error struct:
    nr err code: 12206
    TNS-12206: TNS:received a TNS error during navigation
    ns main err code: 12547
    TNS-12547: TNS:lost contact
    ns secondary err code: 12560
    nt main err code: 517
    TNS-00517: Lost contact
    nt secondary err code: 0
    nt OS err code: 0


***********************************************************************
Fatal OSN connect error 12547, connecting to:
 (DESCRIPTION=(ADDRESS_LIST=(ADDRESS=(PROTOCOL=BEQ)(PROGRAM=oracle80)(ARGV0=oracle80ORCL)(ARGS='(DESCRIPTION=(LOCAL=YES)(ADDRESS=(PROTOCOL=beq)))')))(CONNECT_DATA=(SID=ORCL)(CID=(PROGRAM=Holmen_paper 1.2.exe)(HOST=SCANNER-TER-B)(USER=paper))))

  VERSION INFORMATION:
	TNS for 32-bit Windows: Version 2.3.4.0.0 - Production
	Oracle Bequeath NT Protocol Adapter for 32-bit Windows: Version 2.3.4.0.0 - Production
  Time: 07-DEC-05 10:06:40
  Tracing not turned on.
  Tns error struct:
    nr err code: 12206
    TNS-12206: TNS:received a TNS error during navigation
    ns main err code: 12547
    TNS-12547: TNS:lost contact
    ns secondary err code: 12560
    nt main err code: 517
    TNS-00517: Lost contact
    nt secondary err code: 0
    nt OS err code: 0


***********************************************************************
Fatal OSN connect error 12547, connecting to:
 (DESCRIPTION=(ADDRESS_LIST=(ADDRESS=(PROTOCOL=BEQ)(PROGRAM=oracle80)(ARGV0=oracle80ORCL)(ARGS='(DESCRIPTION=(LOCAL=YES)(ADDRESS=(PROTOCOL=beq)))')))(CONNECT_DATA=(SID=ORCL)(CID=(PROGRAM=Holmen_paper 1.2.exe)(HOST=SCANNER-TER-B)(USER=paper))))

  VERSION INFORMATION:
	TNS for 32-bit Windows: Version 2.3.4.0.0 - Production
	Oracle Bequeath NT Protocol Adapter for 32-bit Windows: Version 2.3.4.0.0 - Production
  Time: 07-JUL-06 19:13:14
  Tracing not turned on.
  Tns error struct:
    nr err code: 12206
    TNS-12206: TNS:received a TNS error during navigation
    ns main err code: 12547
    TNS-12547: TNS:lost contact
    ns secondary err code: 12560
    nt main err code: 517
    TNS-00517: Lost contact
    nt secondary err code: 0
    nt OS err code: 0


***********************************************************************
Fatal OSN connect error 12547, connecting to:
 (DESCRIPTION=(ADDRESS_LIST=(ADDRESS=(PROTOCOL=BEQ)(PROGRAM=oracle80)(ARGV0=oracle80ORCL)(ARGS='(DESCRIPTION=(LOCAL=YES)(ADDRESS=(PROTOCOL=beq)))')))(CONNECT_DATA=(SID=ORCL)(CID=(PROGRAM=Holmen_paper 1.2.exe)(HOST=SCANNER-TER-B)(USER=paper))))

  VERSION INFORMATION:
	TNS for 32-bit Windows: Version 2.3.4.0.0 - Production
	Oracle Bequeath NT Protocol Adapter for 32-bit Windows: Version 2.3.4.0.0 - Production
  Time: 15-NOV-06 14:45:09
  Tracing not turned on.
  Tns error struct:
    nr err code: 12206
    TNS-12206: TNS:received a TNS error during navigation
    ns main err code: 12547
    TNS-12547: TNS:lost contact
    ns secondary err code: 12560
    nt main err code: 517
    TNS-00517: Lost contact
    nt secondary err code: 0
    nt OS err code: 0


***********************************************************************
Fatal OSN connect error 12547, connecting to:
 (DESCRIPTION=(ADDRESS_LIST=(ADDRESS=(PROTOCOL=BEQ)(PROGRAM=oracle80)(ARGV0=oracle80ORCL)(ARGS='(DESCRIPTION=(LOCAL=YES)(ADDRESS=(PROTOCOL=beq)))')))(CONNECT_DATA=(SID=ORCL)(CID=(PROGRAM=vb6.exe)(HOST=DSPC-314)(USER=manderson))))

  VERSION INFORMATION:
	TNS for 32-bit Windows: Version 2.3.4.0.0 - Production
	Oracle Bequeath NT Protocol Adapter for 32-bit Windows: Version 2.3.4.0.0 - Production
  Time: 30-MAY-07 20:03:26
  Tracing not turned on.
  Tns error struct:
    nr err code: 12206
    TNS-12206: TNS:received a TNS error during navigation
    ns main err code: 12547
    TNS-12547: TNS:lost contact
    ns secondary err code: 12560
    nt main err code: 517
    TNS-00517: Lost contact
    nt secondary err code: 0
    nt OS err code: 0


***********************************************************************
Fatal OSN connect error 12547, connecting to:
 (DESCRIPTION=(ADDRESS_LIST=(ADDRESS=(PROTOCOL=BEQ)(PROGRAM=oracle80)(ARGV0=oracle80ORCL)(ARGS='(DESCRIPTION=(LOCAL=YES)(ADDRESS=(PROTOCOL=beq)))')))(CONNECT_DATA=(SID=ORCL)(CID=(PROGRAM=vb6.exe)(HOST=DSPC-314)(USER=manderson))))

  VERSION INFORMATION:
	TNS for 32-bit Windows: Version 2.3.4.0.0 - Production
	Oracle Bequeath NT Protocol Adapter for 32-bit Windows: Version 2.3.4.0.0 - Production
  Time: 30-MAY-07 20:03:26
  Tracing not turned on.
  Tns error struct:
    nr err code: 12206
    TNS-12206: TNS:received a TNS error during navigation
    ns main err code: 12547
    TNS-12547: TNS:lost contact
    ns secondary err code: 12560
    nt main err code: 517
    TNS-00517: Lost contact
    nt secondary err code: 0
    nt OS err code: 0


***********************************************************************
Fatal OSN connect error 12547, connecting to:
 (DESCRIPTION=(ADDRESS_LIST=(ADDRESS=(PROTOCOL=BEQ)(PROGRAM=oracle80)(ARGV0=oracle80ORCL)(ARGS='(DESCRIPTION=(LOCAL=YES)(ADDRESS=(PROTOCOL=beq)))')))(CONNECT_DATA=(SID=ORCL)(CID=(PROGRAM=vb6.exe)(HOST=DSPC-314)(USER=manderson))))

  VERSION INFORMATION:
	TNS for 32-bit Windows: Version 2.3.4.0.0 - Production
	Oracle Bequeath NT Protocol Adapter for 32-bit Windows: Version 2.3.4.0.0 - Production
  Time: 01-JUN-07 20:02:43
  Tracing not turned on.
  Tns error struct:
    nr err code: 12206
    TNS-12206: TNS:received a TNS error during navigation
    ns main err code: 12547
    TNS-12547: TNS:lost contact
    ns secondary err code: 12560
    nt main err code: 517
    TNS-00517: Lost contact
    nt secondary err code: 0
    nt OS err code: 0


***********************************************************************
Fatal OSN connect error 12547, connecting to:
 (DESCRIPTION=(ADDRESS_LIST=(ADDRESS=(PROTOCOL=BEQ)(PROGRAM=oracle80)(ARGV0=oracle80ORCL)(ARGS='(DESCRIPTION=(LOCAL=YES)(ADDRESS=(PROTOCOL=beq)))')))(CONNECT_DATA=(SID=ORCL)(CID=(PROGRAM=vb6.exe)(HOST=DSPC-314)(USER=manderson))))

  VERSION INFORMATION:
	TNS for 32-bit Windows: Version 2.3.4.0.0 - Production
	Oracle Bequeath NT Protocol Adapter for 32-bit Windows: Version 2.3.4.0.0 - Production
  Time: 09-JUN-07 14:58:40
  Tracing not turned on.
  Tns error struct:
    nr err code: 12206
    TNS-12206: TNS:received a TNS error during navigation
    ns main err code: 12547
    TNS-12547: TNS:lost contact
    ns secondary err code: 12560
    nt main err code: 517
    TNS-00517: Lost contact
    nt secondary err code: 0
    nt OS err code: 0


***********************************************************************
Fatal OSN connect error 12547, connecting to:
 (DESCRIPTION=(ADDRESS_LIST=(ADDRESS=(PROTOCOL=BEQ)(PROGRAM=oracle80)(ARGV0=oracle80ORCL)(ARGS='(DESCRIPTION=(LOCAL=YES)(ADDRESS=(PROTOCOL=beq)))')))(CONNECT_DATA=(SID=ORCL)(CID=(PROGRAM=vb6.exe)(HOST=DSPC-314)(USER=manderson))))

  VERSION INFORMATION:
	TNS for 32-bit Windows: Version 2.3.4.0.0 - Production
	Oracle Bequeath NT Protocol Adapter for 32-bit Windows: Version 2.3.4.0.0 - Production
  Time: 09-JUN-07 14:58:53
  Tracing not turned on.
  Tns error struct:
    nr err code: 12206
    TNS-12206: TNS:received a TNS error during navigation
    ns main err code: 12547
    TNS-12547: TNS:lost contact
    ns secondary err code: 12560
    nt main err code: 517
    TNS-00517: Lost contact
    nt secondary err code: 0
    nt OS err code: 0


***********************************************************************
Fatal NI connect error 12170.

  VERSION INFORMATION:
	TNS for 32-bit Windows: Version 10.2.0.1.0 - Production
	Windows NT TCP/IP NT Protocol Adapter for 32-bit Windows: Version 10.2.0.1.0 - Production
  Time: 22-OCT-2007 14:52:11
  Tracing not turned on.
  Tns error struct:
    ns main err code: 12535
    TNS-12535: TNS:operation timed out
    ns secondary err code: 12560
    nt main err code: 505
    TNS-00505: Operation timed out
    nt secondary err code: 60
    nt OS err code: 0
  Client address: <unknown>


***********************************************************************
Fatal NI connect error 12170.

  VERSION INFORMATION:
	TNS for 32-bit Windows: Version 10.2.0.1.0 - Production
	Windows NT TCP/IP NT Protocol Adapter for 32-bit Windows: Version 10.2.0.1.0 - Production
  Time: 22-OCT-2007 14:56:36
  Tracing not turned on.
  Tns error struct:
    ns main err code: 12535
    TNS-12535: TNS:operation timed out
    ns secondary err code: 12560
    nt main err code: 505
    TNS-00505: Operation timed out
    nt secondary err code: 60
    nt OS err code: 0
  Client address: <unknown>


***********************************************************************
Fatal NI connect error 12170.

  VERSION INFORMATION:
	TNS for 32-bit Windows: Version 10.2.0.1.0 - Production
	Windows NT TCP/IP NT Protocol Adapter for 32-bit Windows: Version 10.2.0.1.0 - Production
  Time: 22-OCT-2007 14:59:11
  Tracing not turned on.
  Tns error struct:
    ns main err code: 12535
    TNS-12535: TNS:operation timed out
    ns secondary err code: 12560
    nt main err code: 505
    TNS-00505: Operation timed out
    nt secondary err code: 60
    nt OS err code: 0
  Client address: <unknown>


***********************************************************************
Fatal NI connect error 12547, connecting to:
 (DESCRIPTION=(ADDRESS=(COMMUNITY=tcp.world)(PROTOCOL=TCP)(Host=172.22.15.234)(Port=1521))(CONNECT_DATA=(SID=RF)(CID=(PROGRAM=C:\Program Files\Microsoft Visual Studio\VB98\vb6.exe)(HOST=DSPC-314)(USER=scannertech))))

  VERSION INFORMATION:
	TNS for 32-bit Windows: Version 10.2.0.1.0 - Production
	Windows NT TCP/IP NT Protocol Adapter for 32-bit Windows: Version 10.2.0.1.0 - Production
  Time: 15-FEB-2008 15:25:41
  Tracing not turned on.
  Tns error struct:
    ns main err code: 12547
    TNS-12547: TNS:lost contact
    ns secondary err code: 12560
    nt main err code: 517
    TNS-00517: Lost contact
    nt secondary err code: 54
    nt OS err code: 0


***********************************************************************
Fatal NI connect error 12170.

  VERSION INFORMATION:
	TNS for 32-bit Windows: Version 10.2.0.1.0 - Production
	Windows NT TCP/IP NT Protocol Adapter for 32-bit Windows: Version 10.2.0.1.0 - Production
  Time: 18-FEB-2008 09:19:48
  Tracing not turned on.
  Tns error struct:
    ns main err code: 12535
    TNS-12535: TNS:operation timed out
    ns secondary err code: 12560
    nt main err code: 505
    TNS-00505: Operation timed out
    nt secondary err code: 60
    nt OS err code: 0
  Client address: <unknown>


***********************************************************************
Fatal NI connect error 12547, connecting to:
 (DESCRIPTION=(ADDRESS=(COMMUNITY=tcp.world)(PROTOCOL=TCP)(Host=172.22.15.234)(Port=1521))(CONNECT_DATA=(SID=RF)(CID=(PROGRAM=C:\Program Files\Microsoft Visual Studio\VB98\vb6.exe)(HOST=DSPC-314)(USER=scannertech))))

  VERSION INFORMATION:
	TNS for 32-bit Windows: Version 10.2.0.1.0 - Production
	Windows NT TCP/IP NT Protocol Adapter for 32-bit Windows: Version 10.2.0.1.0 - Production
  Time: 18-FEB-2008 09:42:07
  Tracing not turned on.
  Tns error struct:
    ns main err code: 12547
    TNS-12547: TNS:lost contact
    ns secondary err code: 12560
    nt main err code: 517
    TNS-00517: Lost contact
    nt secondary err code: 54
    nt OS err code: 0


***********************************************************************
Fatal NI connect error 12170.

  VERSION INFORMATION:
	TNS for 32-bit Windows: Version 10.2.0.1.0 - Production
	Windows NT TCP/IP NT Protocol Adapter for 32-bit Windows: Version 10.2.0.1.0 - Production
  Time: 18-FEB-2008 09:47:26
  Tracing not turned on.
  Tns error struct:
    ns main err code: 12535
    TNS-12535: TNS:operation timed out
    ns secondary err code: 12560
    nt main err code: 505
    TNS-00505: Operation timed out
    nt secondary err code: 60
    nt OS err code: 0
  Client address: <unknown>


***********************************************************************
Fatal NI connect error 12170.

  VERSION INFORMATION:
	TNS for 32-bit Windows: Version 10.2.0.1.0 - Production
	Windows NT TCP/IP NT Protocol Adapter for 32-bit Windows: Version 10.2.0.1.0 - Production
  Time: 18-FEB-2008 09:47:55
  Tracing not turned on.
  Tns error struct:
    ns main err code: 12535
    TNS-12535: TNS:operation timed out
    ns secondary err code: 12560
    nt main err code: 505
    TNS-00505: Operation timed out
    nt secondary err code: 60
    nt OS err code: 0
  Client address: <unknown>


***********************************************************************
Fatal NI connect error 12170.

  VERSION INFORMATION:
	TNS for 32-bit Windows: Version 10.2.0.1.0 - Production
	Windows NT TCP/IP NT Protocol Adapter for 32-bit Windows: Version 10.2.0.1.0 - Production
  Time: 18-FEB-2008 09:48:22
  Tracing not turned on.
  Tns error struct:
    ns main err code: 12535
    TNS-12535: TNS:operation timed out
    ns secondary err code: 12560
    nt main err code: 505
    TNS-00505: Operation timed out
    nt secondary err code: 60
    nt OS err code: 0
  Client address: <unknown>


***********************************************************************
Fatal NI connect error 12170.

  VERSION INFORMATION:
	TNS for 32-bit Windows: Version 10.2.0.1.0 - Production
	Windows NT TCP/IP NT Protocol Adapter for 32-bit Windows: Version 10.2.0.1.0 - Production
  Time: 18-FEB-2008 09:48:46
  Tracing not turned on.
  Tns error struct:
    ns main err code: 12535
    TNS-12535: TNS:operation timed out
    ns secondary err code: 12560
    nt main err code: 505
    TNS-00505: Operation timed out
    nt secondary err code: 60
    nt OS err code: 0
  Client address: <unknown>


***********************************************************************
Fatal NI connect error 12170.

  VERSION INFORMATION:
	TNS for 32-bit Windows: Version 10.2.0.1.0 - Production
	Windows NT TCP/IP NT Protocol Adapter for 32-bit Windows: Version 10.2.0.1.0 - Production
  Time: 18-FEB-2008 12:58:30
  Tracing not turned on.
  Tns error struct:
    ns main err code: 12535
    TNS-12535: TNS:operation timed out
    ns secondary err code: 12560
    nt main err code: 505
    TNS-00505: Operation timed out
    nt secondary err code: 60
    nt OS err code: 0
  Client address: <unknown>


***********************************************************************
Fatal NI connect error 12170.

  VERSION INFORMATION:
	TNS for 32-bit Windows: Version 10.2.0.1.0 - Production
	Windows NT TCP/IP NT Protocol Adapter for 32-bit Windows: Version 10.2.0.1.0 - Production
  Time: 18-FEB-2008 13:48:04
  Tracing not turned on.
  Tns error struct:
    ns main err code: 12535
    TNS-12535: TNS:operation timed out
    ns secondary err code: 12560
    nt main err code: 505
    TNS-00505: Operation timed out
    nt secondary err code: 60
    nt OS err code: 0
  Client address: <unknown>


***********************************************************************
Fatal NI connect error 12170.

  VERSION INFORMATION:
	TNS for 32-bit Windows: Version 10.2.0.1.0 - Production
	Windows NT TCP/IP NT Protocol Adapter for 32-bit Windows: Version 10.2.0.1.0 - Production
  Time: 18-FEB-2008 13:48:35
  Tracing not turned on.
  Tns error struct:
    ns main err code: 12535
    TNS-12535: TNS:operation timed out
    ns secondary err code: 12560
    nt main err code: 505
    TNS-00505: Operation timed out
    nt secondary err code: 60
    nt OS err code: 0
  Client address: <unknown>


***********************************************************************
Fatal NI connect error 12170.

  VERSION INFORMATION:
	TNS for 32-bit Windows: Version 10.2.0.1.0 - Production
	Windows NT TCP/IP NT Protocol Adapter for 32-bit Windows: Version 10.2.0.1.0 - Production
  Time: 18-FEB-2008 13:49:06
  Tracing not turned on.
  Tns error struct:
    ns main err code: 12535
    TNS-12535: TNS:operation timed out
    ns secondary err code: 12560
    nt main err code: 505
    TNS-00505: Operation timed out
    nt secondary err code: 60
    nt OS err code: 0
  Client address: <unknown>


***********************************************************************
Fatal NI connect error 12571, connecting to:
 (DESCRIPTION=(ADDRESS=(PROTOCOL=TCP)(HOST=172.22.15.199)(PORT=1521))(CONNECT_DATA=(SERVER=DEDICATED)(SID=RF)(CID=(PROGRAM=C:\Program Files\Microsoft Visual Studio\VB98\vb6.exe)(HOST=DSPC-314)(USER=scannertech))))

  VERSION INFORMATION:
	TNS for 32-bit Windows: Version 10.2.0.1.0 - Production
	Windows NT TCP/IP NT Protocol Adapter for 32-bit Windows: Version 10.2.0.1.0 - Production
  Time: 19-FEB-2008 12:46:15
  Tracing not turned on.
  Tns error struct:
    ns main err code: 12571
    TNS-12571: TNS:packet writer failure
    ns secondary err code: 12560
    nt main err code: 530
    TNS-00530: Protocol adapter error
    nt secondary err code: 54
    nt OS err code: 0
