Upload Time: 10/14/03 14:17:16
User Name: System Administrator
File Name: 031014_247.log
First Scan Time: 2003/10/14 00:04:02
Last Scan Time: 2003/10/14 05:02:15
Total Scans: 123
Total error records: 0

Upload Time: 10/14/03 14:17:17
User Name: System Administrator
File Name: 031013_247.log
First Scan Time: 2003/10/13 22:02:39
Last Scan Time: 2003/10/13 23:08:34
Total Scans: 41
Total error records: 0

Upload Time: 10/14/03 14:24:44
User Name: System Administrator
File Name: 031013_247.log
First Scan Time: 2003/10/13 22:02:39
Last Scan Time: 2003/10/13 23:08:34
Total Scans: 41
Total error records: 0

Upload Time: 10/14/03 14:24:44
User Name: System Administrator
File Name: 031014_247.log
First Scan Time: 2003/10/14 00:04:02
Last Scan Time: 2003/10/14 05:02:15
Total Scans: 123
Total error records: 0

Upload Time: 10/14/03 14:28:10
User Name: System Administrator
File Name: 031013_247.log
First Scan Time: 2003/10/13 22:02:39
Last Scan Time: 2003/10/13 23:08:34
Total Scans: 41
Total error records: 0

Upload Time: 10/14/03 14:28:10
User Name: System Administrator
File Name: 031014_247.log
First Scan Time: 2003/10/14 00:04:02
Last Scan Time: 2003/10/14 05:02:15
Total Scans: 123
Total error records: 0

Upload Time: 10/14/03 16:42:17
User Name: System Administrator
File Name: files031014_247.log
First Scan Time: 2003/10/14 00:04:02
Last Scan Time: 2003/10/14 05:02:15
Total Scans: 123
Total error records: 0

Upload Time: 10/14/03 16:42:18
User Name: System Administrator
File Name: files031013_247.log
First Scan Time: 2003/10/13 22:02:39
Last Scan Time: 2003/10/13 23:08:34
Total Scans: 41
Total error records: 0

Upload Time: 10/14/03 16:56:41
User Name: System Administrator
File Name: files031013_247.log
First Scan Time: 2003/10/13 22:02:39
Last Scan Time: 2003/10/13 23:08:34
Total Scans: 41
Total error records: 0

Upload Time: 10/14/03 16:56:41
User Name: System Administrator
File Name: files031014_247.log
First Scan Time: 2003/10/14 00:04:02
Last Scan Time: 2003/10/14 05:02:15
Total Scans: 123
Total error records: 0

Upload Time: 10/14/03 16:58:30
User Name: System Administrator
File Name: 031002_247.log
First Scan Time: 2003/10/02 02:17:08
Last Scan Time: 2003/10/02 04:48:40
Total Scans: 72
Total error records: 0

Upload Time: 10/14/03 17:03:29
User Name: System Administrator
File Name: 031001_247.log
First Scan Time: 2003/10/01 18:07:43
Last Scan Time: 2003/10/01 23:21:47
Total Scans: 110
Total error records: 0

Upload Time: 10/14/03 22:41:33
User Name: System Administrator
File Name: 031001_247.log
First Scan Time: 2003/10/01 18:07:43
Last Scan Time: 2003/10/01 23:21:47
Total Scans: 110
Total error records: 0

Upload Time: 10/15/03 07:01:51
User Name: System Administrator
File Name: 031001_247.log
First Scan Time: 2003/10/01 23:21:47
Last Scan Time: 2003/10/01 23:21:47
Total Scans: 
Total error records: 

Upload Time: 10/15/03 07:05:11
User Name: System Administrator
File Name: 031001_247.log
First Scan Time: 2003/10/01 18:07:43
Last Scan Time: 2003/10/01 23:21:47
Total Scans: 110
Total error records: 0

Upload Time: 10/15/03 07:09:32
User Name: System Administrator
File Name: 031001_247.log
First Scan Time: 2003/10/01 18:07:43
Last Scan Time: 2003/10/01 23:21:47
Total Scans: 110
Total error records: 0

Upload Time: 10/15/03 07:11:28
User Name: System Administrator
File Name: 031001_247.log
First Scan Time: 2003/10/01 18:07:43
Last Scan Time: 2003/10/01 23:21:47
Total Scans: 110
Total error records: 0

Upload Time: 10/15/03 07:14:56
User Name: System Administrator
File Name: 031001_247.log
First Scan Time: 2003/10/01 18:07:43
Last Scan Time: 2003/10/01 23:21:47
Total Scans: 110
Total error records: 0

Upload Time: 10/15/03 07:22:46
User Name: System Administrator
File Name: 030930_247.log
First Scan Time: 
Last Scan Time: 
Total Scans: 0
Total error records: 0

Upload Time: 10/15/03 07:25:33
User Name: System Administrator
File Name: 031013_247.log
First Scan Time: 2003/10/13 00:04:24
Last Scan Time: 2003/10/13 05:18:01
Total Scans: 123
Total error records: 0

Upload Time: 10/15/03 07:25:39
User Name: System Administrator
File Name: 031011_247.log
First Scan Time: 2003/10/10 22:49:45
Last Scan Time: 2003/10/11 23:08:34
Total Scans: 531
Total error records: 0

Upload Time: 10/15/03 07:26:00
User Name: System Administrator
File Name: 031012_247.log
First Scan Time: 2003/10/12 00:04:15
Last Scan Time: 2003/10/12 22:48:24
Total Scans: 492
Total error records: 0

Upload Time: 10/15/03 07:26:16
User Name: System Administrator
File Name: 031010_247.log
First Scan Time: 2003/10/10 04:32:23
Last Scan Time: 2003/10/10 05:09:05
Total Scans: 41
Total error records: 0

Upload Time: 10/15/03 07:30:27
User Name: System Administrator
File Name: 031010_247.log
First Scan Time: 2003/10/10 04:32:23
Last Scan Time: 2003/10/10 05:09:05
Total Scans: 41
Total error records: 0

Upload Time: 10/15/03 07:30:27
User Name: System Administrator
File Name: 031011_247.log
First Scan Time: 2003/10/10 22:49:45
Last Scan Time: 2003/10/11 23:08:34
Total Scans: 531
Total error records: 0

Upload Time: 10/15/03 07:30:28
User Name: System Administrator
File Name: 031012_247.log
First Scan Time: 2003/10/12 00:04:15
Last Scan Time: 2003/10/12 22:48:24
Total Scans: 492
Total error records: 0

Upload Time: 10/15/03 07:30:30
User Name: System Administrator
File Name: 031013_247.log
First Scan Time: 2003/10/13 00:04:24
Last Scan Time: 2003/10/13 05:18:01
Total Scans: 123
Total error records: 0

Upload Time: 10/15/03 07:37:21
User Name: System Administrator
File Name: 031014_247.log
First Scan Time: 2003/10/14 17:42:52
Last Scan Time: 2003/10/14 23:25:01
Total Scans: 124
Total error records: 0

Upload Time: 10/15/03 07:37:23
User Name: System Administrator
File Name: 031015_247.log
First Scan Time: 2003/10/15 00:20:39
Last Scan Time: 2003/10/15 05:02:28
Total Scans: 124
Total error records: 0

Upload Time: 10/15/03 08:10:50
User Name: System Administrator
File Name: 031014_247.log
First Scan Time: 2003/10/14 17:42:52
Last Scan Time: 2003/10/14 23:25:01
Total Scans: 124
Total error records: 0

Upload Time: 10/15/03 08:10:50
User Name: System Administrator
File Name: 031015_247.log
First Scan Time: 2003/10/15 00:20:39
Last Scan Time: 2003/10/15 05:02:28
Total Scans: 124
Total error records: 0

Upload Time: 10/15/03 23:59:31
User Name: System Administrator
File Name: 031013_247.log
First Scan Time: 2003/10/13 00:04:24
Last Scan Time: 2003/10/13 05:18:01
Total Scans: 123
Total error records: 0

Upload Time: 10/16/03 00:05:41
User Name: System Administrator
File Name: 031013_247.log
First Scan Time: 2003/10/13 00:04:24
Last Scan Time: 2003/10/13 05:18:01
Total Scans: 123
Total error records: 0

Upload Time: 10/16/03 00:07:33
User Name: System Administrator
File Name: 031013_247.log
First Scan Time: 2003/10/13 00:04:24
Last Scan Time: 2003/10/13 05:18:01
Total Scans: 123
Total error records: 0

Upload Time: 10/16/03 00:10:07
User Name: System Administrator
File Name: 031013_247.log
First Scan Time: 2003/10/13 00:04:24
Last Scan Time: 2003/10/13 05:18:01
Total Scans: 123
Total error records: 0

Upload Time: 10/16/03 00:13:42
User Name: System Administrator
File Name: 031013_247.log
First Scan Time: 2003/10/13 00:04:24
Last Scan Time: 2003/10/13 05:18:01
Total Scans: 123
Total error records: 0

Upload Time: 10/16/03 00:14:45
User Name: System Administrator
File Name: 031013_247.log
First Scan Time: 2003/10/13 00:04:24
Last Scan Time: 2003/10/13 05:18:01
Total Scans: 123
Total error records: 0

Upload Time: 10/16/03 00:17:40
User Name: System Administrator
File Name: 031013_247.log
First Scan Time: 2003/10/13 00:04:24
Last Scan Time: 2003/10/13 05:18:01
Total Scans: 123
Total error records: 0

Upload Time: 10/16/03 00:18:28
User Name: System Administrator
File Name: 031013_247.log
First Scan Time: 2003/10/13 00:04:24
Last Scan Time: 2003/10/13 05:18:01
Total Scans: 123
Total error records: 0

Upload Time: 10/16/03 00:20:27
User Name: System Administrator
File Name: 031010_247.log
First Scan Time: 2003/10/10 04:32:23
Last Scan Time: 2003/10/10 05:09:05
Total Scans: 41
Total error records: 0

Upload Time: 10/16/03 00:20:27
User Name: System Administrator
File Name: 031011_247.log
First Scan Time: 2003/10/10 22:49:45
Last Scan Time: 2003/10/11 23:08:34
Total Scans: 531
Total error records: 0

Upload Time: 10/16/03 00:20:29
User Name: System Administrator
File Name: 031012_247.log
First Scan Time: 2003/10/12 00:04:15
Last Scan Time: 2003/10/12 22:48:24
Total Scans: 492
Total error records: 0

Upload Time: 10/16/03 00:20:30
User Name: System Administrator
File Name: 031013_247.log
First Scan Time: 2003/10/13 00:04:24
Last Scan Time: 2003/10/13 05:18:01
Total Scans: 123
Total error records: 0

Upload Time: 10/16/03 00:25:03
User Name: System Administrator
File Name: 031010_247.log
First Scan Time: 2003/10/10 04:32:23
Last Scan Time: 2003/10/10 05:09:05
Total Scans: 41
Total error records: 0

Upload Time: 10/16/03 00:25:03
User Name: System Administrator
File Name: 031011_247.log
First Scan Time: 2003/10/10 22:49:45
Last Scan Time: 2003/10/11 23:08:34
Total Scans: 531
Total error records: 0

Upload Time: 10/16/03 00:25:04
User Name: System Administrator
File Name: 031012_247.log
First Scan Time: 2003/10/12 00:04:15
Last Scan Time: 2003/10/12 22:48:24
Total Scans: 492
Total error records: 0

Upload Time: 10/16/03 00:25:05
User Name: System Administrator
File Name: 031013_247.log
First Scan Time: 2003/10/13 00:04:24
Last Scan Time: 2003/10/13 05:18:01
Total Scans: 123
Total error records: 0

Upload Time: 10/16/03 14:40:53
User Name: System Administrator
File Name: 031010.log
First Scan Time: 2003/10/10 04:32:23
Last Scan Time: 2003/10/10 05:09:05
Total Scans: 41
Total error records: 0

Upload Time: 10/16/03 14:40:54
User Name: System Administrator
File Name: 031011.log
First Scan Time: 2003/10/10 22:49:45
Last Scan Time: 2003/10/11 23:08:34
Total Scans: 531
Total error records: 0

Upload Time: 10/16/03 14:41:08
User Name: System Administrator
File Name: 031012.log
First Scan Time: 2003/10/12 00:04:15
Last Scan Time: 2003/10/12 22:48:24
Total Scans: 492
Total error records: 0

Upload Time: 10/16/03 14:41:18
User Name: System Administrator
File Name: 031013.log
First Scan Time: 2003/10/13 00:04:24
Last Scan Time: 2003/10/13 05:18:01
Total Scans: 123
Total error records: 0

Upload Time: 10/16/03 14:48:11
User Name: System Administrator
File Name: 031010.log
First Scan Time: 2003/10/10 04:32:23
Last Scan Time: 2003/10/10 05:09:05
Total Scans: 41
Total error records: 0

Upload Time: 10/16/03 14:48:12
User Name: System Administrator
File Name: 031011.log
First Scan Time: 2003/10/10 22:49:45
Last Scan Time: 2003/10/11 23:08:34
Total Scans: 531
Total error records: 0

Upload Time: 10/16/03 14:48:13
User Name: System Administrator
File Name: 031012.log
First Scan Time: 2003/10/12 00:04:15
Last Scan Time: 2003/10/12 22:48:24
Total Scans: 492
Total error records: 0

Upload Time: 10/16/03 14:48:14
User Name: System Administrator
File Name: 031013.log
First Scan Time: 2003/10/13 00:04:24
Last Scan Time: 2003/10/13 05:18:01
Total Scans: 123
Total error records: 0

Upload Time: 10/16/03 14:52:50
User Name: System Administrator
File Name: 031010.log
First Scan Time: 2003/10/10 04:32:23
Last Scan Time: 2003/10/10 05:09:05
Total Scans: 41
Total error records: 0

Upload Time: 10/16/03 14:52:50
User Name: System Administrator
File Name: 031011.log
First Scan Time: 2003/10/10 22:49:45
Last Scan Time: 2003/10/11 23:08:34
Total Scans: 531
Total error records: 0

Upload Time: 10/16/03 14:52:51
User Name: System Administrator
File Name: 031012.log
First Scan Time: 2003/10/12 00:04:15
Last Scan Time: 2003/10/12 22:48:24
Total Scans: 492
Total error records: 0

Upload Time: 10/16/03 14:52:52
User Name: System Administrator
File Name: 031013.log
First Scan Time: 2003/10/13 00:04:24
Last Scan Time: 2003/10/13 05:18:01
Total Scans: 123
Total error records: 0

Upload Time: 10/16/03 14:54:38
User Name: System Administrator
File Name: 031010.log
First Scan Time: 2003/10/10 04:32:23
Last Scan Time: 2003/10/10 05:09:05
Total Scans: 41
Total error records: 0

Upload Time: 10/16/03 14:54:38
User Name: System Administrator
File Name: 031011.log
First Scan Time: 2003/10/10 22:49:45
Last Scan Time: 2003/10/11 23:08:34
Total Scans: 531
Total error records: 0

Upload Time: 10/16/03 14:54:39
User Name: System Administrator
File Name: 031012.log
First Scan Time: 2003/10/12 00:04:15
Last Scan Time: 2003/10/12 22:48:24
Total Scans: 492
Total error records: 0

Upload Time: 10/16/03 14:54:40
User Name: System Administrator
File Name: 031013.log
First Scan Time: 2003/10/13 00:04:24
Last Scan Time: 2003/10/13 05:18:01
Total Scans: 123
Total error records: 0

Upload Time: 10/16/03 14:56:52
User Name: System Administrator
File Name: 031010.log
First Scan Time: 2003/10/10 04:32:23
Last Scan Time: 2003/10/10 05:09:05
Total Scans: 41
Total error records: 0

Upload Time: 10/16/03 14:56:53
User Name: System Administrator
File Name: 031011.log
First Scan Time: 2003/10/10 22:49:45
Last Scan Time: 2003/10/11 23:08:34
Total Scans: 531
Total error records: 0

Upload Time: 10/16/03 14:56:54
User Name: System Administrator
File Name: 031012.log
First Scan Time: 2003/10/12 00:04:15
Last Scan Time: 2003/10/12 22:48:24
Total Scans: 492
Total error records: 0

Upload Time: 10/16/03 14:56:55
User Name: System Administrator
File Name: 031013.log
First Scan Time: 2003/10/13 00:04:24
Last Scan Time: 2003/10/13 05:18:01
Total Scans: 123
Total error records: 0

Upload Time: 10/16/03 15:08:30
User Name: System Administrator
File Name: 031010.log
First Scan Time: 2003/10/10 04:32:23
Last Scan Time: 2003/10/10 05:09:05
Total Scans: 41
Total error records: 0

Upload Time: 10/16/03 15:08:31
User Name: System Administrator
File Name: 031011.log
First Scan Time: 2003/10/10 22:49:45
Last Scan Time: 2003/10/11 23:08:34
Total Scans: 531
Total error records: 0

Upload Time: 10/16/03 15:08:32
User Name: System Administrator
File Name: 031012.log
First Scan Time: 2003/10/12 00:04:15
Last Scan Time: 2003/10/12 22:48:24
Total Scans: 492
Total error records: 0

Upload Time: 10/16/03 15:08:33
User Name: System Administrator
File Name: 031013.log
First Scan Time: 2003/10/13 00:04:24
Last Scan Time: 2003/10/13 05:18:01
Total Scans: 123
Total error records: 0

Upload Time: 10/16/03 15:11:30
User Name: System Administrator
File Name: 031010.log
First Scan Time: 2003/10/10 04:32:23
Last Scan Time: 2003/10/10 05:09:05
Total Scans: 41
Total error records: 0

Upload Time: 10/16/03 15:11:30
User Name: System Administrator
File Name: 031011.log
First Scan Time: 2003/10/10 22:49:45
Last Scan Time: 2003/10/11 23:08:34
Total Scans: 531
Total error records: 0

Upload Time: 10/16/03 15:11:32
User Name: System Administrator
File Name: 031012.log
First Scan Time: 2003/10/12 00:04:15
Last Scan Time: 2003/10/12 22:48:24
Total Scans: 492
Total error records: 0

Upload Time: 10/16/03 15:11:33
User Name: System Administrator
File Name: 031013.log
First Scan Time: 2003/10/13 00:04:24
Last Scan Time: 2003/10/13 05:18:01
Total Scans: 123
Total error records: 0

Upload Time: 10/16/03 15:14:41
User Name: System Administrator
File Name: 031010.log
First Scan Time: 2003/10/10 04:32:23
Last Scan Time: 2003/10/10 05:09:05
Total Scans: 41
Total error records: 0

Upload Time: 10/16/03 15:14:41
User Name: System Administrator
File Name: 031011.log
First Scan Time: 2003/10/10 22:49:45
Last Scan Time: 2003/10/11 23:08:34
Total Scans: 531
Total error records: 0

Upload Time: 10/16/03 15:14:43
User Name: System Administrator
File Name: 031012.log
First Scan Time: 2003/10/12 00:04:15
Last Scan Time: 2003/10/12 22:48:24
Total Scans: 492
Total error records: 0

Upload Time: 10/16/03 15:16:03
User Name: System Administrator
File Name: 031013.log
First Scan Time: 2003/10/13 00:04:24
Last Scan Time: 2003/10/13 05:18:01
Total Scans: 123
Total error records: 0

Upload Time: 10/16/03 15:18:15
User Name: System Administrator
File Name: 031010.log
First Scan Time: 2003/10/10 04:32:23
Last Scan Time: 2003/10/10 05:09:05
Total Scans: 41
Total error records: 0

Upload Time: 10/16/03 15:18:15
User Name: System Administrator
File Name: 031011.log
First Scan Time: 2003/10/10 22:49:45
Last Scan Time: 2003/10/11 23:08:34
Total Scans: 531
Total error records: 0

Upload Time: 10/16/03 15:18:17
User Name: System Administrator
File Name: 031012.log
First Scan Time: 2003/10/12 00:04:15
Last Scan Time: 2003/10/12 22:48:24
Total Scans: 492
Total error records: 0

Upload Time: 10/16/03 15:18:18
User Name: System Administrator
File Name: 031013.log
First Scan Time: 2003/10/13 00:04:24
Last Scan Time: 2003/10/13 05:18:01
Total Scans: 123
Total error records: 0

Upload Time: 10/16/03 15:20:57
User Name: System Administrator
File Name: 031015_247.log
First Scan Time: 2003/10/15 18:04:02
Last Scan Time: 2003/10/15 23:34:13
Total Scans: 126
Total error records: 0

Upload Time: 10/16/03 15:20:59
User Name: System Administrator
File Name: 031016_247.log
First Scan Time: 2003/10/16 00:10:23
Last Scan Time: 2003/10/16 04:53:01
Total Scans: 126
Total error records: 0

Upload Time: 10/16/03 16:03:53
User Name: System Administrator
File Name: 031016_247.log
First Scan Time: 2003/10/16 00:10:23
Last Scan Time: 2003/10/16 04:53:01
Total Scans: 126
Total error records: 0

Upload Time: 10/16/03 16:03:53
User Name: System Administrator
File Name: 031015_247.log
First Scan Time: 2003/10/15 18:04:02
Last Scan Time: 2003/10/15 23:34:13
Total Scans: 126
Total error records: 0

Upload Time: 10/16/03 16:08:17
User Name: System Administrator
File Name: 031015_247.log
First Scan Time: 2003/10/15 18:04:02
Last Scan Time: 2003/10/15 23:34:13
Total Scans: 126
Total error records: 0

Upload Time: 10/16/03 16:08:17
User Name: System Administrator
File Name: 031016_247.log
First Scan Time: 2003/10/16 00:10:23
Last Scan Time: 2003/10/16 04:53:01
Total Scans: 126
Total error records: 0

Upload Time: 10/16/03 16:12:21
User Name: System Administrator
File Name: 031015_247.log
First Scan Time: 2003/10/15 18:04:02
Last Scan Time: 2003/10/15 23:34:13
Total Scans: 126
Total error records: 0

Upload Time: 10/16/03 16:12:21
User Name: System Administrator
File Name: 031016_247.log
First Scan Time: 2003/10/16 00:10:23
Last Scan Time: 2003/10/16 04:53:01
Total Scans: 126
Total error records: 0

Upload Time: 10/16/03 16:13:20
User Name: System Administrator
File Name: 031015_247.log
First Scan Time: 2003/10/15 18:04:02
Last Scan Time: 2003/10/15 23:34:13
Total Scans: 126
Total error records: 0

Upload Time: 10/16/03 16:13:21
User Name: System Administrator
File Name: 031016_247.log
First Scan Time: 2003/10/16 00:10:23
Last Scan Time: 2003/10/16 04:53:01
Total Scans: 126
Total error records: 0

Upload Time: 11/06/03 11:26:57
User Name: System Administrator
File Name: 031103_247.log
First Scan Time: 2003/11/03 00:00:47
Last Scan Time: 2003/11/03 23:03:19
Total Scans: 123
Total error records: 0

Upload Time: 11/06/03 11:26:57
User Name: System Administrator
File Name: 031104_247.log
First Scan Time: 2003/11/04 00:03:45
Last Scan Time: 2003/11/04 05:22:02
Total Scans: 119
Total error records: 0

Upload Time: 11/06/03 11:26:58
User Name: System Administrator
File Name: 031106_247.log
First Scan Time: 2003/11/06 00:00:14
Last Scan Time: 2003/11/06 05:14:53
Total Scans: 123
Total error records: 0

Upload Time: 11/06/03 11:26:58
User Name: System Administrator
File Name: 031105_247.log
First Scan Time: 2003/11/05 16:47:26
Last Scan Time: 2003/11/05 22:55:23
Total Scans: 83
Total error records: 0

Upload Time: 11/06/03 11:26:58
User Name: System Administrator
File Name: 031106_050.log
First Scan Time: 2003/11/05 18:08:10
Last Scan Time: 2003/11/05 19:19:50
Total Scans: 41
Total error records: 0

Upload Time: 11/06/03 11:32:10
User Name: System Administrator
File Name: 031105_247.log
First Scan Time: 2003/11/05 16:47:26
Last Scan Time: 2003/11/05 22:55:23
Total Scans: 83
Total error records: 0

Upload Time: 11/06/03 11:32:11
User Name: System Administrator
File Name: 031106_247.log
First Scan Time: 2003/11/06 00:00:14
Last Scan Time: 2003/11/06 05:14:53
Total Scans: 123
Total error records: 0

Upload Time: 11/06/03 11:32:11
User Name: System Administrator
File Name: 031106_050.log
First Scan Time: 2003/11/05 18:08:10
Last Scan Time: 2003/11/05 19:19:50
Total Scans: 41
Total error records: 0

Upload Time: 11/06/03 11:37:00
User Name: System Administrator
File Name: 031106_050.log
First Scan Time: 2003/11/05 18:08:10
Last Scan Time: 2003/11/05 19:19:50
Total Scans: 41
Total error records: 0

Upload Time: 11/06/03 11:37:00
User Name: System Administrator
File Name: 031106_247.log
First Scan Time: 2003/11/06 00:00:14
Last Scan Time: 2003/11/06 05:14:53
Total Scans: 123
Total error records: 0

Upload Time: 11/06/03 11:37:00
User Name: System Administrator
File Name: 031105_247.log
First Scan Time: 2003/11/05 16:47:26
Last Scan Time: 2003/11/05 22:55:23
Total Scans: 83
Total error records: 0

Upload Time: 11/06/03 11:41:29
User Name: System Administrator
File Name: 031105_247.log
First Scan Time: 2003/11/05 16:47:26
Last Scan Time: 2003/11/05 22:55:23
Total Scans: 83
Total error records: 0

Upload Time: 11/06/03 11:41:29
User Name: System Administrator
File Name: 031106_247.log
First Scan Time: 2003/11/06 00:00:14
Last Scan Time: 2003/11/06 05:14:53
Total Scans: 123
Total error records: 0

Upload Time: 11/06/03 11:41:30
User Name: System Administrator
File Name: 031106_050.log
First Scan Time: 2003/11/05 18:08:10
Last Scan Time: 2003/11/05 19:19:50
Total Scans: 41
Total error records: 0

Upload Time: 11/06/03 11:44:27
User Name: System Administrator
File Name: 031105_247.log
First Scan Time: 2003/11/05 16:47:26
Last Scan Time: 2003/11/05 22:55:23
Total Scans: 83
Total error records: 0

Upload Time: 11/06/03 11:44:27
User Name: System Administrator
File Name: 031106_247.log
First Scan Time: 2003/11/06 00:00:14
Last Scan Time: 2003/11/06 05:14:53
Total Scans: 123
Total error records: 0

Upload Time: 11/06/03 11:44:28
User Name: System Administrator
File Name: 031106_050.log
First Scan Time: 2003/11/05 18:08:10
Last Scan Time: 2003/11/05 19:19:50
Total Scans: 41
Total error records: 0

