E&l0o2a7C(s0P(8U   29-SEP-05                                I.D. GRIFFITH               I.D. GRI

39696      30-AUG-05 REFRIGERATION MECHANIC SERVICES         0.00       1,692.00
39697      30-AUG-05 REFRIGERATION MECHANIC SERVICES         0.00       1,100.80
39698      30-AUG-05 REFRIGERATION MECHANIC SERVICES         0.00       1,851.80
39699      30-AUG-05 REFRIGERATION MECHANIC SERVICES         0.00       3,407.85
39700      30-AUG-05 REFRIGERATION MECHANIC SERVICES         0.00         148.50
39702      30-AUG-05 REFRIGERATION MECHANIC SERVICES         0.00       2,299.50
39703      30-AUG-05 REFRIGERATION MECHANIC SERVICES         0.00       2,224.00
39705      30-AUG-05 REFRIGERATION MECHANIC SERVICES         0.00       2,441.00
39706      30-AUG-05 REFRIGERATION MECHANIC SERVICES         0.00       2,224.00
39707      30-AUG-05 REFRIGERATION MECHANIC SERVICES         0.00       3,336.00
39708      30-AUG-05 REFRIGERATION MECHANIC SERVICES         0.00       5,560.00
39709      30-AUG-05 REFRIGERATION MECHANIC SERVICES         0.00       3,475.00
39710      30-AUG-05 REFRIGERATION MECHANIC SERVICES         0.00       1,198.33
39711      30-AUG-05 REFRIGERATION MECHANIC SERVICES         0.00       6,168.18
39712      30-AUG-05 REFRIGERATION MECHANIC SERVICES         0.00       9,167.40
.
.
.
.
.
.

                                                             0.00      46,294.36








                                           29-SEP-05       43904    *** VOID ***

      ******** VOID **************** VOID **************** VOID ********


         ********** VOID **********             ********** VOID **********
   29-SEP-05                                I.D. GRIFFITH               I.D. GRI

39716      31-AUG-05 REFRIGERATION MECHANIC SERVICES         0.00         111.38
39717      31-AUG-05 REFRIGERATION MECHANIC SERVICES         0.00      15,600.00
39728      31-AUG-05 REFRIGERATION MECHANIC SERVICES         0.00         965.25
39729      31-AUG-05 REFRIGERATION MECHANIC SERVICES         0.00         550.40
39730      31-AUG-05 REFRIGERATION MECHANIC SERVICES         0.00       2,201.60
39731      31-AUG-05 REFRIGERATION MECHANIC SERVICES         0.00       6,201.00
39732      31-AUG-05 REFRIGERATION MECHANIC SERVICES         0.00       5,367.00
39733      31-AUG-05 REFRIGERATION MECHANIC SERVICES         0.00       5,367.00
39734      31-AUG-05 REFRIGERATION MECHANIC SERVICES         0.00       7,575.50
.
.
.
.
.
.
.
.
.
.
.
.

                                                             0.00      43,939.13








                                           29-SEP-05       43905 ******90,233.49

      Ninety Thousand Two Hundred Thirty-Three Dollars And 49 Cents*****


         I.D. GRIFFITH
         735 SOUTH MARKET STREET
         P.O. BOX 1552
         WILMINGTON, DE  19899
         United States
   29-SEP-05                                UNITED REFRIGERATION        UNITED R

1141909802 26-AUG-05 REFRIGERATION SUPPLIES                212.43      21,030.07
1143138301 30-AUG-05 REFRIGERATION SUPPLIES                  1.64         161.90
1144609301 25-AUG-05 REFRIGERATION SUPPLIES                 14.87       1,472.30
1145872700 09-SEP-05 REFRIGERATION SUPPLIES                  4.35         430.93
1146747200 26-AUG-05 REFRIGERATION SUPPLIES                 48.38       4,789.12
1149867800 26-AUG-05 REFRIGERATION SUPPLIES                  0.86          84.71
1150583700 26-AUG-05 REFRIGERATION                           0.53          52.05
1151105000 30-AUG-05 REFRIGERATION SUPPLIES                  3.17         313.67
1151105001 09-SEP-05 REFRIGERATION SUPPLIES                  0.78          77.66
1151643300 30-AUG-05 REFRIGERATION SUPPLIES                  5.00         494.57
1151796600 30-AUG-05 REFRIGERATION SUPPLIES                  9.47         937.45
1151798900 30-AUG-05 REFRIGERATION SUPPLIES                  8.41         832.19
1153563600 31-AUG-05 REFRIGERATION SUPPLIES                 58.39       5,780.11
1153714200 02-SEP-05 REFRIGERATION SUPPLIES                408.75      40,465.75
1153726100 31-AUG-05 REFRIGERATION SUPPLIES                 17.43       1,725.41
.
.
.
.
.
.

                                                           794.46      78,647.89








                                           29-SEP-05       43906    *** VOID ***

      ******** VOID **************** VOID **************** VOID ********


         ********** VOID **********             ********** VOID **********
   29-SEP-05                                UNITED REFRIGERATION        UNITED R

1154023900 02-SEP-05 REFRIGERATION SUPPLIES                 58.93       5,833.68
1154352400 02-SEP-05 REFRIGERATION SUPPLIES                 13.82       1,368.30
1154428900 31-AUG-05 REFRIGERATION SUPPLIES                  0.06           5.98
1155540300 01-SEP-05 REFRIGERATION SUPPLIES                  2.80         277.40
1155540301 07-SEP-05 REFRIGERATION SUPPLIES                  8.74         864.86
1155672900 01-SEP-05 REFRIGERATION SUPPLIES                  0.93          92.37
1161303500 09-SEP-05 REFRIGERATION SUPPLIES                  3.47         343.63
1162569500 12-SEP-05 REFRIGERATION SUPPLIES                  1.63         161.19
1162569501 13-SEP-05 REFRIGERATION SUPPLIES                  6.31         624.97
1162585600 13-SEP-05 REFRIGERATION SUPPLIES                 19.03       1,884.37
1162597400 12-SEP-05 REFRIGERATION SUPPLIES                  7.58         750.54
1162597401 13-SEP-05 REFRIGERATION SUPPLIES                  1.21         119.69
1162603200 12-SEP-05 REFRIGERATION SUPPLIES                 13.70       1,356.13
1163681200 14-SEP-05 REFRIGERATION SUPPLIES                  1.15         113.78
1164271200 14-SEP-05 REFRIGERATION SUPPLIES                  9.78         968.47
.
.
.
.
.
.

                                                           149.14      14,765.36








                                           29-SEP-05       43907    *** VOID ***

      ******** VOID **************** VOID **************** VOID ********


         ********** VOID **********             ********** VOID **********
   29-SEP-05                                UNITED REFRIGERATION        UNITED R

1164778400 14-SEP-05 REFRIGERATION SUPPLIES                  0.28          28.09
1165694700 14-SEP-05 REFRIGERATION SUPPLIES                  2.21         219.01
1165836100 14-SEP-05 REFRIGERATION SUPPLIES                  0.50          49.10
1166243600 14-SEP-05 REFRIGERATION SUPPLIES                  0.42          42.07
.
.
.
.
.
.
.
.
.
.
.
.
.
.
.
.
.

                                                             3.41         338.27








                                           29-SEP-05       43908 ******93,751.52

      Ninety-Three Thousand Seven Hundred Fifty-One Dollars And 52 Cents


         UNITED REFRIGERATION INC
         P.O. BOX 82-0100
         PHILADELPHIA, PA  19182-0100
         United States
E